<?xml version="1.0" encoding="UTF-8"?>
<!-- Generated by org.testng.reporters.JUnitReportReporter -->
<testsuite hostname="Bharadwaj-B6DD2G2" failures="0" tests="2" name="com.pakage.tests.Login" time="11.723" errors="0" timestamp="2023-09-27T10:45:26 IST" skipped="1">
  <testcase classname="com.pakage.tests.Login" name="VerifytheerrormessageonloginpageTC002" time="11.723"/>
  <testcase classname="com.pakage.tests.Login" name="verifyurlTC001">
    <skipped/>
  </testcase> <!-- verifyurlTC001 -->
</testsuite> <!-- com.pakage.tests.Login -->
