<?xml version="1.0" encoding="UTF-8"?>
<!-- Generated by org.testng.reporters.JUnitReportReporter -->
<testsuite hostname="Bharadwaj-B6DD2G2" failures="0" tests="2" name="com.pakage.tests.Admin" time="44.241" errors="0" timestamp="2023-09-21T11:35:05 IST" skipped="0">
  <testcase classname="com.pakage.tests.Admin" name="AddAdminuser" time="22.742"/>
  <testcase classname="com.pakage.tests.Admin" name="searchAdmin" time="21.499"/>
</testsuite> <!-- com.pakage.tests.Admin -->
