<?xml version="1.0" encoding="UTF-8"?>
<!-- Generated by org.testng.reporters.JUnitReportReporter -->
<testsuite hostname="Bharadwaj-B6DD2G2" failures="0" tests="1" name="com.tests.test" time="19.919" errors="0" timestamp="2023-10-02T19:25:55 IST" skipped="0">
  <testcase classname="com.tests.test" name="test1" time="19.919"/>
</testsuite> <!-- com.tests.test -->
