<?xml version="1.0" encoding="UTF-8"?>
<!-- Generated by org.testng.reporters.JUnitReportReporter -->
<testsuite hostname="Bharadwaj-B6DD2G2" failures="0" tests="2" name="TestNgpratice.TestNGanotations" time="0.023" errors="0" timestamp="2023-09-25T10:25:24 IST" skipped="0">
  <testcase classname="TestNgpratice.TestNGanotations" name="TC_002" time="0.003"/>
  <testcase classname="TestNgpratice.TestNGanotations" name="TC_001" time="0.020"/>
</testsuite> <!-- TestNgpratice.TestNGanotations -->
