<?xml version="1.0" encoding="UTF-8"?>
<!-- Generated by org.testng.reporters.JUnitReportReporter -->
<testsuite hostname="Bharadwaj-B6DD2G2" failures="0" tests="1" name="Extentreport.ExtentReportlogger" time="1.971" errors="0" timestamp="2023-09-28T14:51:11 IST" skipped="0">
  <testcase classname="Extentreport.ExtentReportlogger" name="extenttest" time="1.971"/>
</testsuite> <!-- Extentreport.ExtentReportlogger -->
