<?xml version="1.0" encoding="UTF-8"?>
<!-- Generated by org.testng.reporters.JUnitReportReporter -->
<testsuite hostname="Bharadwaj-B6DD2G2" failures="0" tests="2" name="com.pakage.tests.TestNGanotations" time="0.016" errors="0" timestamp="2023-09-21T15:12:18 IST" skipped="0">
  <testcase classname="com.pakage.tests.TestNGanotations" name="TC_002" time="0.005"/>
  <testcase classname="com.pakage.tests.TestNGanotations" name="TC_001" time="0.011"/>
</testsuite> <!-- com.pakage.tests.TestNGanotations -->
