<?xml version="1.0" encoding="UTF-8"?>
<!-- Generated by org.testng.reporters.JUnitReportReporter -->
<testsuite hostname="Bharadwaj-B6DD2G2" failures="0" tests="10" name="com.tests.PIM" time="280.852" errors="0" timestamp="2023-10-03T12:22:37 IST" skipped="0">
  <testcase classname="com.tests.PIM" name="deleteemployee" time="28.955"/>
  <testcase classname="com.tests.PIM" name="createemployee" time="16.281"/>
  <testcase classname="com.tests.PIM" name="createemployee" time="18.932"/>
  <testcase classname="com.tests.PIM" name="createemployee" time="14.094"/>
  <testcase classname="com.tests.PIM" name="createemployee" time="13.623"/>
  <testcase classname="com.tests.PIM" name="Employeeinfosearch" time="38.890"/>
  <testcase classname="com.tests.PIM" name="Employeeinfosearch" time="61.597"/>
  <testcase classname="com.tests.PIM" name="Employeeinfosearch" time="21.519"/>
  <testcase classname="com.tests.PIM" name="Employeeinfosearch" time="21.784"/>
  <testcase classname="com.tests.PIM" name="getemployeedata" time="45.177"/>
</testsuite> <!-- com.tests.PIM -->
