<?xml version="1.0" encoding="UTF-8"?>
<!-- Generated by org.testng.reporters.JUnitReportReporter -->
<testsuite hostname="Bharadwaj-B6DD2G2" failures="0" tests="7" name="com.pakage.tests.PIM" time="76.412" errors="0" timestamp="2023-09-28T12:09:28 IST" skipped="3">
  <testcase classname="com.pakage.tests.PIM" name="createemployee" time="18.262"/>
  <testcase classname="com.pakage.tests.PIM" name="createemployee" time="24.201"/>
  <testcase classname="com.pakage.tests.PIM" name="createemployee" time="15.421"/>
  <testcase classname="com.pakage.tests.PIM" name="createemployee" time="18.528"/>
  <testcase classname="com.pakage.tests.PIM" name="Editemployeeinfo">
    <skipped/>
  </testcase> <!-- Editemployeeinfo -->
  <testcase classname="com.pakage.tests.PIM" name="getemployeedata">
    <skipped/>
  </testcase> <!-- getemployeedata -->
  <testcase classname="com.pakage.tests.PIM" name="Employeeinfosearch">
    <skipped/>
  </testcase> <!-- Employeeinfosearch -->
</testsuite> <!-- com.pakage.tests.PIM -->
