<?xml version="1.0" encoding="UTF-8"?>
<!-- Generated by org.testng.reporters.JUnitReportReporter -->
<testsuite hostname="Bharadwaj-B6DD2G2" failures="0" tests="5" name="TestNgpratice.TC" time="0.075" errors="0" timestamp="2023-09-25T12:40:08 IST" skipped="0">
  <testcase classname="TestNgpratice.TC" name="TC_05" time="0.004"/>
  <testcase classname="TestNgpratice.TC" name="TC_05" time="0.028"/>
  <testcase classname="TestNgpratice.TC" name="TC_05" time="0.008"/>
  <testcase classname="TestNgpratice.TC" name="TC_05" time="0.030"/>
  <testcase classname="TestNgpratice.TC" name="TC_05" time="0.005"/>
</testsuite> <!-- TestNgpratice.TC -->
